2019-04-26 02:03:42,680:Word Embedding: glove
2019-04-26 02:03:42,680:Cognitive Data: dundee
2019-04-26 02:03:42,680:Feature: First_fix_dur
2019-04-26 02:03:44,566:From /Users/delatan/Dropbox/university/ETH/4fs/projektArbeit/cognitive-embedding-evaluation/fvenv/lib/python3.7/site-packages/tensorflow/python/ops/resource_variable_ops.py:435: colocate_with (from tensorflow.python.framework.ops) is deprecated and will be removed in a future version.
Instructions for updating:
Colocations handled automatically by placer.
2019-04-26 02:03:44,625:From /Users/delatan/Dropbox/university/ETH/4fs/projektArbeit/cognitive-embedding-evaluation/fvenv/lib/python3.7/site-packages/tensorflow/python/keras/utils/losses_utils.py:170: to_float (from tensorflow.python.ops.math_ops) is deprecated and will be removed in a future version.
Instructions for updating:
Use tf.cast instead.
2019-04-26 02:03:44,764:From /Users/delatan/Dropbox/university/ETH/4fs/projektArbeit/cognitive-embedding-evaluation/fvenv/lib/python3.7/site-packages/tensorflow/python/ops/math_ops.py:3066: to_int32 (from tensorflow.python.ops.math_ops) is deprecated and will be removed in a future version.
Instructions for updating:
Use tf.cast instead.
2019-04-26 02:04:17,760: TIME TAKEN:0:00:35.079024
2019-04-26 02:04:17,942:update_title_pos
2019-04-26 02:04:18,046:findfont: Matching :family=sans-serif:style=normal:variant=normal:weight=normal:stretch=normal:size=10.0 to DejaVu Sans ('/Users/delatan/Dropbox/university/ETH/4fs/projektArbeit/cognitive-embedding-evaluation/fvenv/lib/python3.7/site-packages/matplotlib/mpl-data/fonts/ttf/DejaVuSans.ttf') with score of 0.050000.
2019-04-26 02:04:18,163:findfont: Matching :family=sans-serif:style=normal:variant=normal:weight=normal:stretch=normal:size=12.0 to DejaVu Sans ('/Users/delatan/Dropbox/university/ETH/4fs/projektArbeit/cognitive-embedding-evaluation/fvenv/lib/python3.7/site-packages/matplotlib/mpl-data/fonts/ttf/DejaVuSans.ttf') with score of 0.050000.
2019-04-26 02:04:18,374:update_title_pos
2019-04-26 02:04:18,439:update_title_pos
2019-04-26 02:04:18,472:update_title_pos
2019-04-26 02:08:55,882:activation
2019-04-26 02:08:55,882:relu
2019-04-26 02:08:55,882:batch_size
2019-04-26 02:08:55,882:128
2019-04-26 02:08:55,882:epochs
2019-04-26 02:08:55,882:100
2019-04-26 02:08:55,882:input_dim
2019-04-26 02:08:55,882:50
2019-04-26 02:08:55,882:layers
2019-04-26 02:08:55,882:[26]
2019-04-26 02:08:55,882:LOSS
2019-04-26 02:08:55,883:[0.31666056792739405, 0.0985847020706123, 0.06734678129161105, 0.053584191093877465, 0.04506551797367673, 0.03880094831999827, 0.03383016006703877, 0.030132303980856645, 0.027093403158759837, 0.02461934282511521, 0.022618499761556166, 0.020939804482689745, 0.019607150320083297, 0.018508694904485316, 0.017477417566992243, 0.01665800633489036, 0.01595705382019956, 0.015292076743948493, 0.014726710010566317, 0.014315916077465476, 0.013836234887610757, 0.013504802003554655, 0.013186536804293542, 0.01287659689856252, 0.012638557372709264, 0.012373946661402142, 0.01218420676947663, 0.011990190240430363, 0.011795453797793808, 0.011643650905311963, 0.011477495429844197, 0.011397111680860755, 0.01121798726075684, 0.011143107126771584, 0.011032044710758162, 0.010945774797658266, 0.010841803164318488, 0.010750162722202541, 0.010701728095279138, 0.010653146796831279, 0.010503258832809857, 0.010472312253252397, 0.010430843658488448, 0.010351517772899213, 0.010285848731133453, 0.01023890302238322, 0.010190496909445755, 0.010117272064718097, 0.010157348679601573, 0.010084609082595609, 0.01007605084474512, 0.009969724491866916, 0.009994571223686364, 0.00997053873717657, 0.009938560232364677, 0.009880594760240148, 0.009821075154075716, 0.009844505637476282, 0.009789893539096895, 0.009771114815192421, 0.009701470020463444, 0.009711144011556433, 0.00968945556572268, 0.009641409918301019, 0.00963830728500526, 0.009610410949885228, 0.009630666606162387, 0.009621081466053933, 0.00957978305378346, 0.009611898797567929, 0.009523754311252327, 0.009511997639683158, 0.00949844090594027, 0.009459422930208673, 0.009433631836471825, 0.009436260396676676, 0.009418004916980588, 0.009393800956127223, 0.009382970498706403, 0.009364446043088549, 0.009395999134795026, 0.009358359586746757, 0.009366078722110328, 0.009330881450323597, 0.009317510206991442, 0.009251121305511282, 0.009265372682848367, 0.009328145752059477, 0.009267717136618812, 0.009264307983968099, 0.009247624611432144, 0.009272853178479893, 0.009207459210738803, 0.00922110071688238, 0.009205945734943814, 0.009197755994525714, 0.009192859131155555, 0.009201010153136286, 0.009215850045044433, 0.009195470231094535]
2019-04-26 02:08:55,883:VALIDATION LOSS
2019-04-26 02:08:55,883:[0.15300544902417787, 0.0944316068873603, 0.07439242932041722, 0.06294292376415264, 0.0549753324343608, 0.04906546061737298, 0.04406596931832782, 0.04021933514779136, 0.03714133338374499, 0.034814573238058207, 0.032645307397524984, 0.031021861716575876, 0.029357951601757807, 0.028380115215594953, 0.026866995737221115, 0.026049994500960117, 0.025037666156711665, 0.02428031240606449, 0.023787557091233293, 0.023134250026306456, 0.022624078289379734, 0.021932185661686948, 0.021532135284863984, 0.02118820462971044, 0.020943720144985696, 0.02074987398978521, 0.020299537091918247, 0.020139489373599988, 0.019772843366279404, 0.019539376976486493, 0.019523674466773954, 0.019296361823406445, 0.019240638920100483, 0.019173854613709733, 0.018929159665513322, 0.018835388844799714, 0.01874009711370313, 0.018724487656892757, 0.018607933109504936, 0.01844236832001858, 0.018364742065410642, 0.018250426751445736, 0.018135851026463087, 0.018274990524325144, 0.018090492118833332, 0.017986066020011196, 0.01802624828408103, 0.018062655526329074, 0.01770532356255506, 0.01785647911212501, 0.017842756139015304, 0.017742720753307174, 0.017791035852929543, 0.017669990934299294, 0.017673972129998123, 0.0177115804389031, 0.01773989229688983, 0.017570911879105682, 0.01767659534716747, 0.0174921986652461, 0.017532414596902548, 0.017452455029861463, 0.017416035946039757, 0.017509542587461204, 0.01740174850217513, 0.017510618298099592, 0.017412875224588186, 0.017484783601655056, 0.01746560491224718, 0.017389013142099043, 0.01739234744664833, 0.017323871865075016, 0.01729855513167099, 0.017346566811909336, 0.017320768584734237, 0.01721093516752741, 0.017211205532124057, 0.01730522790912693, 0.017316706641714953, 0.0174866032692984, 0.01730978558137572, 0.01717722283665245, 0.017318254288219842, 0.0172429769437694, 0.017181678416108237, 0.017357879032838273, 0.01722749292012855, 0.01732197103018944, 0.017301901310858642, 0.017223937834816926, 0.01733051533617917, 0.017268667765755273, 0.01713358007878418, 0.017255775784776054, 0.017362906693442332, 0.01717414843172011, 0.01733293805117085, 0.01728539853494548, 0.017314889404327558, 0.01740119694869899]
